<?xml version="1.0" encoding="UTF-8"?>
<!-- Generated by org.testng.reporters.JUnitReportReporter -->
<testsuite hostname="Vaibhav" failures="0" tests="1" name="Proj.Propracs.edit" time="13.878" errors="0" timestamp="2024-02-29T16:50:07 IST" skipped="0">
  <testcase classname="Proj.Propracs.edit" name="editVisaDetails" time="13.878"/>
</testsuite> <!-- Proj.Propracs.edit -->
