<?xml version="1.0" encoding="UTF-8"?>
<!-- Generated by org.testng.reporters.JUnitReportReporter -->
<testsuite hostname="Vaibhav" failures="0" tests="1" name="Proj.Propracs.Delmul" time="12.309" errors="0" timestamp="2024-02-29T16:23:06 IST" skipped="0">
  <testcase classname="Proj.Propracs.Delmul" name="deleteImmigrationDetails" time="12.309"/>
</testsuite> <!-- Proj.Propracs.Delmul -->
