<?xml version="1.0" encoding="UTF-8"?>
<!-- Generated by org.testng.reporters.JUnitReportReporter -->
<testsuite hostname="Vaibhav" failures="0" tests="1" name="Proj.Propracs.Passportvali" time="12.471" errors="0" timestamp="2024-02-29T11:46:41 IST" skipped="0">
  <testcase classname="Proj.Propracs.Passportvali" name="loginAndPassportValidation" time="12.471"/>
</testsuite> <!-- Proj.Propracs.Passportvali -->
