<?xml version="1.0" encoding="UTF-8"?>
<!-- Generated by org.testng.reporters.JUnitReportReporter -->
<testsuite hostname="Vaibhav" failures="0" tests="1" name="Proj.Propracs.Delete" time="13.691" errors="0" timestamp="2024-02-29T11:55:48 IST" skipped="0">
  <testcase classname="Proj.Propracs.Delete" name="loginAndDeleteDocument" time="13.691"/>
</testsuite> <!-- Proj.Propracs.Delete -->
