<?xml version="1.0" encoding="UTF-8"?>
<!-- Generated by org.testng.reporters.JUnitReportReporter -->
<testsuite hostname="Vaibhav" failures="0" tests="1" name="Proj.Propracs.Visa" time="13.812" errors="0" timestamp="2024-02-29T17:13:45 IST" skipped="0">
  <testcase classname="Proj.Propracs.Visa" name="fillImmigrationDetails" time="13.812"/>
</testsuite> <!-- Proj.Propracs.Visa -->
